This is pdfTeX, Version 3.141592653-2.6-1.40.26 (MiKTeX 24.4) (preloaded format=pdflatex 2024.11.18)  18 NOV 2024 23:28
entering extended mode
 restricted \write18 enabled.
 %&-line parsing enabled.
**./Project_1.tex
(Project_1.tex
LaTeX2e <2024-11-01>
L3 programming layer <2024-11-02>
(D:\MixTeX\tex/latex/base\article.cls
Document Class: article 2024/06/29 v1.4n Standard LaTeX document class
(D:\MixTeX\tex/latex/base\size12.clo
File: size12.clo 2024/06/29 v1.4n Standard LaTeX file (size option)
)
\c@part=\count196
\c@section=\count197
\c@subsection=\count198
\c@subsubsection=\count199
\c@paragraph=\count266
\c@subparagraph=\count267
\c@figure=\count268
\c@table=\count269
\abovecaptionskip=\skip49
\belowcaptionskip=\skip50
\bibindent=\dimen141
) (D:\MixTeX\tex/latex/base\inputenc.sty
Package: inputenc 2024/02/08 v1.3d Input encoding file
\inpenc@prehook=\toks17
\inpenc@posthook=\toks18
)
(D:\MixTeX\tex/latex/amsmath\amsmath.sty
Package: amsmath 2024/11/05 v2.17t AMS math features
\@mathmargin=\skip51

For additional information on amsmath, use the `?' option.
(D:\MixTeX\tex/latex/amsmath\amstext.sty
Package: amstext 2021/08/26 v2.01 AMS text

(D:\MixTeX\tex/latex/amsmath\amsgen.sty
File: amsgen.sty 1999/11/30 v2.0 generic functions
\@emptytoks=\toks19
\ex@=\dimen142
))
(D:\MixTeX\tex/latex/amsmath\amsbsy.sty
Package: amsbsy 1999/11/29 v1.2d Bold Symbols
\pmbraise@=\dimen143
)
(D:\MixTeX\tex/latex/amsmath\amsopn.sty
Package: amsopn 2022/04/08 v2.04 operator names
)
\inf@bad=\count270
LaTeX Info: Redefining \frac on input line 233.
\uproot@=\count271
\leftroot@=\count272
LaTeX Info: Redefining \overline on input line 398.
LaTeX Info: Redefining \colon on input line 409.
\classnum@=\count273
\DOTSCASE@=\count274
LaTeX Info: Redefining \ldots on input line 495.
LaTeX Info: Redefining \dots on input line 498.
LaTeX Info: Redefining \cdots on input line 619.
\Mathstrutbox@=\box52
\strutbox@=\box53
LaTeX Info: Redefining \big on input line 721.
LaTeX Info: Redefining \Big on input line 722.
LaTeX Info: Redefining \bigg on input line 723.
LaTeX Info: Redefining \Bigg on input line 724.
\big@size=\dimen144
LaTeX Font Info:    Redeclaring font encoding OML on input line 742.
LaTeX Font Info:    Redeclaring font encoding OMS on input line 743.
\macc@depth=\count275
LaTeX Info: Redefining \bmod on input line 904.
LaTeX Info: Redefining \pmod on input line 909.
LaTeX Info: Redefining \smash on input line 939.
LaTeX Info: Redefining \relbar on input line 969.
LaTeX Info: Redefining \Relbar on input line 970.
\c@MaxMatrixCols=\count276
\dotsspace@=\muskip17
\c@parentequation=\count277
\dspbrk@lvl=\count278
\tag@help=\toks20
\row@=\count279
\column@=\count280
\maxfields@=\count281
\andhelp@=\toks21
\eqnshift@=\dimen145
\alignsep@=\dimen146
\tagshift@=\dimen147
\tagwidth@=\dimen148
\totwidth@=\dimen149
\lineht@=\dimen150
\@envbody=\toks22
\multlinegap=\skip52
\multlinetaggap=\skip53
\mathdisplay@stack=\toks23
LaTeX Info: Redefining \[ on input line 2953.
LaTeX Info: Redefining \] on input line 2954.
)
(D:\MixTeX\tex/latex/hyperref\hyperref.sty
Package: hyperref 2024-11-05 v7.01l Hypertext links for LaTeX

(D:\MixTeX\tex/generic/iftex\iftex.sty
Package: iftex 2022/02/03 v1.0f TeX engine tests
)
(D:\MixTeX\tex/latex/graphics\keyval.sty
Package: keyval 2022/05/29 v1.15 key=value parser (DPC)
\KV@toks@=\toks24
)
(D:\MixTeX\tex/latex/kvsetkeys\kvsetkeys.sty
Package: kvsetkeys 2022-10-05 v1.19 Key value parser (HO)
)
(D:\MixTeX\tex/generic/kvdefinekeys\kvdefinekeys.sty
Package: kvdefinekeys 2019-12-19 v1.6 Define keys (HO)
)
(D:\MixTeX\tex/generic/pdfescape\pdfescape.sty
Package: pdfescape 2019/12/09 v1.15 Implements pdfTeX's escape features (HO)

(D:\MixTeX\tex/generic/ltxcmds\ltxcmds.sty
Package: ltxcmds 2023-12-04 v1.26 LaTeX kernel commands for general use (HO)
)
(D:\MixTeX\tex/generic/pdftexcmds\pdftexcmds.sty
Package: pdftexcmds 2020-06-27 v0.33 Utility functions of pdfTeX for LuaTeX (HO
)

(D:\MixTeX\tex/generic/infwarerr\infwarerr.sty
Package: infwarerr 2019/12/03 v1.5 Providing info/warning/error messages (HO)
)
Package pdftexcmds Info: \pdf@primitive is available.
Package pdftexcmds Info: \pdf@ifprimitive is available.
Package pdftexcmds Info: \pdfdraftmode found.
))
(D:\MixTeX\tex/latex/hycolor\hycolor.sty
Package: hycolor 2020-01-27 v1.10 Color options for hyperref/bookmark (HO)
)
(D:\MixTeX\tex/latex/hyperref\nameref.sty
Package: nameref 2023-11-26 v2.56 Cross-referencing by name of section

(D:\MixTeX\tex/latex/refcount\refcount.sty
Package: refcount 2019/12/15 v3.6 Data extraction from label references (HO)
)
(D:\MixTeX\tex/generic/gettitlestring\gettitlestring.sty
Package: gettitlestring 2019/12/15 v1.6 Cleanup title references (HO)

(D:\MixTeX\tex/latex/kvoptions\kvoptions.sty
Package: kvoptions 2022-06-15 v3.15 Key value format for package options (HO)
))
\c@section@level=\count282
)
(D:\MixTeX\tex/latex/etoolbox\etoolbox.sty
Package: etoolbox 2020/10/05 v2.5k e-TeX tools for LaTeX (JAW)
\etb@tempcnta=\count283
)
(D:\MixTeX\tex/generic/stringenc\stringenc.sty
Package: stringenc 2019/11/29 v1.12 Convert strings between diff. encodings (HO
)
)
\@linkdim=\dimen151
\Hy@linkcounter=\count284
\Hy@pagecounter=\count285

(D:\MixTeX\tex/latex/hyperref\pd1enc.def
File: pd1enc.def 2024-11-05 v7.01l Hyperref: PDFDocEncoding definition (HO)
Now handling font encoding PD1 ...
... no UTF-8 mapping file for font encoding PD1
)
(D:\MixTeX\tex/generic/intcalc\intcalc.sty
Package: intcalc 2019/12/15 v1.3 Expandable calculations with integers (HO)
)
\Hy@SavedSpaceFactor=\count286

(D:\MixTeX\tex/latex/hyperref\puenc.def
File: puenc.def 2024-11-05 v7.01l Hyperref: PDF Unicode definition (HO)
Now handling font encoding PU ...
... no UTF-8 mapping file for font encoding PU
)
Package hyperref Info: Hyper figures OFF on input line 4157.
Package hyperref Info: Link nesting OFF on input line 4162.
Package hyperref Info: Hyper index ON on input line 4165.
Package hyperref Info: Plain pages OFF on input line 4172.
Package hyperref Info: Backreferencing OFF on input line 4177.
Package hyperref Info: Implicit mode ON; LaTeX internals redefined.
Package hyperref Info: Bookmarks ON on input line 4424.
\c@Hy@tempcnt=\count287
 (D:\MixTeX\tex/latex/url\url.sty
\Urlmuskip=\muskip18
Package: url 2013/09/16  ver 3.4  Verb mode for urls, etc.
)
LaTeX Info: Redefining \url on input line 4763.
\XeTeXLinkMargin=\dimen152

(D:\MixTeX\tex/generic/bitset\bitset.sty
Package: bitset 2019/12/09 v1.3 Handle bit-vector datatype (HO)

(D:\MixTeX\tex/generic/bigintcalc\bigintcalc.sty
Package: bigintcalc 2019/12/15 v1.5 Expandable calculations on big integers (HO
)
))
\Fld@menulength=\count288
\Field@Width=\dimen153
\Fld@charsize=\dimen154
Package hyperref Info: Hyper figures OFF on input line 6042.
Package hyperref Info: Link nesting OFF on input line 6047.
Package hyperref Info: Hyper index ON on input line 6050.
Package hyperref Info: backreferencing OFF on input line 6057.
Package hyperref Info: Link coloring OFF on input line 6062.
Package hyperref Info: Link coloring with OCG OFF on input line 6067.
Package hyperref Info: PDF/A mode OFF on input line 6072.

(D:\MixTeX\tex/latex/base\atbegshi-ltx.sty
Package: atbegshi-ltx 2021/01/10 v1.0c Emulation of the original atbegshi
package with kernel methods
)
\Hy@abspage=\count289
\c@Item=\count290
\c@Hfootnote=\count291
)
Package hyperref Info: Driver (autodetected): hpdftex.

(D:\MixTeX\tex/latex/hyperref\hpdftex.def
File: hpdftex.def 2024-11-05 v7.01l Hyperref driver for pdfTeX

(D:\MixTeX\tex/latex/base\atveryend-ltx.sty
Package: atveryend-ltx 2020/08/19 v1.0a Emulation of the original atveryend pac
kage
with kernel methods
)
\Fld@listcount=\count292
\c@bookmark@seq@number=\count293

(D:\MixTeX\tex/latex/rerunfilecheck\rerunfilecheck.sty
Package: rerunfilecheck 2022-07-10 v1.10 Rerun checks for auxiliary files (HO)

(D:\MixTeX\tex/generic/uniquecounter\uniquecounter.sty
Package: uniquecounter 2019/12/15 v1.4 Provide unlimited unique counter (HO)
)
Package uniquecounter Info: New unique counter `rerunfilecheck' on input line 2
85.
)
\Hy@SectionHShift=\skip54
)
(D:\MixTeX\tex/latex/geometry\geometry.sty
Package: geometry 2020/01/02 v5.9 Page Geometry

(D:\MixTeX\tex/generic/iftex\ifvtex.sty
Package: ifvtex 2019/10/25 v1.7 ifvtex legacy package. Use iftex instead.
)
\Gm@cnth=\count294
\Gm@cntv=\count295
\c@Gm@tempcnt=\count296
\Gm@bindingoffset=\dimen155
\Gm@wd@mp=\dimen156
\Gm@odd@mp=\dimen157
\Gm@even@mp=\dimen158
\Gm@layoutwidth=\dimen159
\Gm@layoutheight=\dimen160
\Gm@layouthoffset=\dimen161
\Gm@layoutvoffset=\dimen162
\Gm@dimlist=\toks25

(D:\MixTeX\tex/latex/geometry\geometry.cfg))
(D:\MixTeX\tex/latex/xcolor\xcolor.sty
Package: xcolor 2024/09/29 v3.02 LaTeX color extensions (UK)

(D:\MixTeX\tex/latex/graphics-cfg\color.cfg
File: color.cfg 2016/01/02 v1.6 sample color configuration
)
Package xcolor Info: Driver file: pdftex.def on input line 274.

(D:\MixTeX\tex/latex/graphics-def\pdftex.def
File: pdftex.def 2024/04/13 v1.2c Graphics/color driver for pdftex
)
(D:\MixTeX\tex/latex/graphics\mathcolor.ltx)
Package xcolor Info: Model `cmy' substituted by `cmy0' on input line 1349.
Package xcolor Info: Model `hsb' substituted by `rgb' on input line 1353.
Package xcolor Info: Model `RGB' extended on input line 1365.
Package xcolor Info: Model `HTML' substituted by `rgb' on input line 1367.
Package xcolor Info: Model `Hsb' substituted by `hsb' on input line 1368.
Package xcolor Info: Model `tHsb' substituted by `hsb' on input line 1369.
Package xcolor Info: Model `HSB' substituted by `hsb' on input line 1370.
Package xcolor Info: Model `Gray' substituted by `gray' on input line 1371.
Package xcolor Info: Model `wave' substituted by `hsb' on input line 1372.
)
(D:\MixTeX\tex/latex/colortbl\colortbl.sty
Package: colortbl 2024/07/06 v1.0i Color table columns (DPC)
 (D:\MixTeX\tex/latex/tools\array.sty
Package: array 2024/10/17 v2.6g Tabular extension package (FMi)
\col@sep=\dimen163
\ar@mcellbox=\box54
\extrarowheight=\dimen164
\NC@list=\toks26
\extratabsurround=\skip55
\backup@length=\skip56
\ar@cellbox=\box55
)
\everycr=\toks27
\minrowclearance=\skip57
\rownum=\count297
) (D:\MixTeX\tex/latex/adjustbox\adjustbox.sty
Package: adjustbox 2022/10/17 v1.3a Adjusting TeX boxes (trim, clip, ...)

(D:\MixTeX\tex/latex/xkeyval\xkeyval.sty
Package: xkeyval 2022/06/16 v2.9 package option processing (HA)

(D:\MixTeX\tex/generic/xkeyval\xkeyval.tex
(D:\MixTeX\tex/generic/xkeyval\xkvutils.tex
\XKV@toks=\toks28
\XKV@tempa@toks=\toks29
)
\XKV@depth=\count298
File: xkeyval.tex 2014/12/03 v2.7a key=value parser (HA)
))
(D:\MixTeX\tex/latex/adjustbox\adjcalc.sty
Package: adjcalc 2012/05/16 v1.1 Provides advanced setlength with multiple back
-ends (calc, etex, pgfmath)
)
(D:\MixTeX\tex/latex/adjustbox\trimclip.sty
Package: trimclip 2020/08/19 v1.2 Trim and clip general TeX material

(D:\MixTeX\tex/latex/graphics\graphicx.sty
Package: graphicx 2021/09/16 v1.2d Enhanced LaTeX Graphics (DPC,SPQR)

(D:\MixTeX\tex/latex/graphics\graphics.sty
Package: graphics 2024/08/06 v1.4g Standard LaTeX Graphics (DPC,SPQR)

(D:\MixTeX\tex/latex/graphics\trig.sty
Package: trig 2023/12/02 v1.11 sin cos tan (DPC)
)
(D:\MixTeX\tex/latex/graphics-cfg\graphics.cfg
File: graphics.cfg 2016/06/04 v1.11 sample graphics configuration
)
Package graphics Info: Driver file: pdftex.def on input line 106.
)
\Gin@req@height=\dimen165
\Gin@req@width=\dimen166
)
(D:\MixTeX\tex/latex/collectbox\collectbox.sty
Package: collectbox 2022/10/17 v0.4c Collect macro arguments as boxes
\collectedbox=\box56
)
\tc@llx=\dimen167
\tc@lly=\dimen168
\tc@urx=\dimen169
\tc@ury=\dimen170
Package trimclip Info: Using driver 'tc-pdftex.def'.

(D:\MixTeX\tex/latex/adjustbox\tc-pdftex.def
File: tc-pdftex.def 2019/01/04 v2.2 Clipping driver for pdftex
))
\adjbox@Width=\dimen171
\adjbox@Height=\dimen172
\adjbox@Depth=\dimen173
\adjbox@Totalheight=\dimen174
\adjbox@pwidth=\dimen175
\adjbox@pheight=\dimen176
\adjbox@pdepth=\dimen177
\adjbox@ptotalheight=\dimen178

(D:\MixTeX\tex/latex/ifoddpage\ifoddpage.sty
Package: ifoddpage 2022/10/18 v1.2 Conditionals for odd/even page detection
\c@checkoddpage=\count299
)
(D:\MixTeX\tex/latex/varwidth\varwidth.sty
Package: varwidth 2009/03/30 ver 0.92;  Variable-width minipages
\@vwid@box=\box57
\sift@deathcycles=\count300
\@vwid@loff=\dimen179
\@vwid@roff=\dimen180
))
(D:\MixTeX\tex/latex/float\float.sty
Package: float 2001/11/08 v1.3d Float enhancements (AL)
\c@float@type=\count301
\float@exts=\toks30
\float@box=\box58
\@float@everytoks=\toks31
\@floatcapt=\box59
)
(D:\MixTeX\tex/latex/caption\subcaption.sty
Package: subcaption 2023/07/28 v1.6b Sub-captions (AR)

(D:\MixTeX\tex/latex/caption\caption.sty
Package: caption 2023/08/05 v3.6o Customizing captions (AR)

(D:\MixTeX\tex/latex/caption\caption3.sty
Package: caption3 2023/07/31 v2.4d caption3 kernel (AR)
\caption@tempdima=\dimen181
\captionmargin=\dimen182
\caption@leftmargin=\dimen183
\caption@rightmargin=\dimen184
\caption@width=\dimen185
\caption@indent=\dimen186
\caption@parindent=\dimen187
\caption@hangindent=\dimen188
Package caption Info: Standard document class detected.
)
\c@caption@flags=\count302
\c@continuedfloat=\count303
Package caption Info: float package is loaded.
Package caption Info: hyperref package is loaded.
)
Package caption Info: New subtype `subfigure' on input line 238.
\c@subfigure=\count304
Package caption Info: New subtype `subtable' on input line 238.
\c@subtable=\count305
)
(D:\MixTeX\tex/latex/l3backend\l3backend-pdftex.def
File: l3backend-pdftex.def 2024-05-08 L3 backend support: PDF output (pdfTeX)
\l__color_backend_stack_int=\count306
\l__pdf_internal_box=\box60
) (Project_1.aux

LaTeX Warning: Label `fig:yourlabel' multiply defined.


LaTeX Warning: Label `fig:yourlabel' multiply defined.


LaTeX Warning: Label `fig:yourlabel' multiply defined.


LaTeX Warning: Label `fig:crr_n50' multiply defined.


LaTeX Warning: Label `sub@fig:crr_n50' multiply defined.


LaTeX Warning: Label `fig:crr_n9999' multiply defined.


LaTeX Warning: Label `sub@fig:crr_n9999' multiply defined.


LaTeX Warning: Label `fig:crr_comparison' multiply defined.


LaTeX Warning: Label `fig:crr_n50' multiply defined.


LaTeX Warning: Label `sub@fig:crr_n50' multiply defined.


LaTeX Warning: Label `fig:crr_n9999' multiply defined.


LaTeX Warning: Label `sub@fig:crr_n9999' multiply defined.


LaTeX Warning: Label `fig:crr_comparison' multiply defined.


LaTeX Warning: Label `fig:yourlabel' multiply defined.


LaTeX Warning: Label `fig:yourlabel' multiply defined.


LaTeX Warning: Label `fig:yourlabel' multiply defined.

)
\openout1 = `Project_1.aux'.

LaTeX Font Info:    Checking defaults for OML/cmm/m/it on input line 29.
LaTeX Font Info:    ... okay on input line 29.
LaTeX Font Info:    Checking defaults for OMS/cmsy/m/n on input line 29.
LaTeX Font Info:    ... okay on input line 29.
LaTeX Font Info:    Checking defaults for OT1/cmr/m/n on input line 29.
LaTeX Font Info:    ... okay on input line 29.
LaTeX Font Info:    Checking defaults for T1/cmr/m/n on input line 29.
LaTeX Font Info:    ... okay on input line 29.
LaTeX Font Info:    Checking defaults for TS1/cmr/m/n on input line 29.
LaTeX Font Info:    ... okay on input line 29.
LaTeX Font Info:    Checking defaults for OMX/cmex/m/n on input line 29.
LaTeX Font Info:    ... okay on input line 29.
LaTeX Font Info:    Checking defaults for U/cmr/m/n on input line 29.
LaTeX Font Info:    ... okay on input line 29.
LaTeX Font Info:    Checking defaults for PD1/pdf/m/n on input line 29.
LaTeX Font Info:    ... okay on input line 29.
LaTeX Font Info:    Checking defaults for PU/pdf/m/n on input line 29.
LaTeX Font Info:    ... okay on input line 29.
Package hyperref Info: Link coloring OFF on input line 29.
 (Project_1.out) (Project_1.out)
\@outlinefile=\write3
\openout3 = `Project_1.out'.


*geometry* driver: auto-detecting
*geometry* detected driver: pdftex
*geometry* verbose mode - [ preamble ] result:
* driver: pdftex
* paper: a4paper
* layout: <same size as paper>
* layoutoffset:(h,v)=(0.0pt,0.0pt)
* modes: includehead includefoot heightrounded 
* h-part:(L,W,R)=(57.81621pt, 481.87546pt, 57.81621pt)
* v-part:(T,H,B)=(28.45274pt, 796.67726pt, 19.91684pt)
* \paperwidth=597.50787pt
* \paperheight=845.04684pt
* \textwidth=481.87546pt
* \textheight=722.5pt
* \oddsidemargin=-14.45378pt
* \evensidemargin=-14.45378pt
* \topmargin=-43.81725pt
* \headheight=12.0pt
* \headsep=25.0pt
* \topskip=12.0pt
* \footskip=30.0pt
* \marginparwidth=35.0pt
* \marginparsep=10.0pt
* \columnsep=10.0pt
* \skip\footins=10.8pt plus 4.0pt minus 2.0pt
* \hoffset=0.0pt
* \voffset=0.0pt
* \mag=1000
* \@twocolumnfalse
* \@twosidefalse
* \@mparswitchfalse
* \@reversemarginfalse
* (1in=72.27pt=25.4mm, 1cm=28.453pt)

(D:\MixTeX\tex/context/base/mkii\supp-pdf.mkii
[Loading MPS to PDF converter (version 2006.09.02).]
\scratchcounter=\count307
\scratchdimen=\dimen189
\scratchbox=\box61
\nofMPsegments=\count308
\nofMParguments=\count309
\everyMPshowfont=\toks32
\MPscratchCnt=\count310
\MPscratchDim=\dimen190
\MPnumerator=\count311
\makeMPintoPDFobject=\count312
\everyMPtoPDFconversion=\toks33
) (D:\MixTeX\tex/latex/epstopdf-pkg\epstopdf-base.sty
Package: epstopdf-base 2020-01-24 v2.11 Base part for package epstopdf
Package epstopdf-base Info: Redefining graphics rule for `.eps' on input line 4
85.

(D:\MixTeX\tex/latex/00miktex\epstopdf-sys.cfg
File: epstopdf-sys.cfg 2021/03/18 v2.0 Configuration of epstopdf for MiKTeX
))
Package caption Info: Begin \AtBeginDocument code.
Package caption Info: End \AtBeginDocument code.


[1

{C:/Users/Krish/AppData/Local/MiKTeX/fonts/map/pdftex/pdftex.map}]
<Images/payoff_project_1.png, id=16, 930.47626pt x 963.6pt>
File: Images/payoff_project_1.png Graphic file (type png)
<use Images/payoff_project_1.png>
Package pdftex.def Info: Images/payoff_project_1.png  used on input line 141.
(pdftex.def)             Requested size: 289.12616pt x 216.74184pt.


[2 <./Images/payoff_project_1.png>]
Overfull \hbox (7.93979pt too wide) in paragraph at lines 167--168
[]\OT1/cmr/m/n/12 After lin-ear in-ter-po-la-tion and rate cal-cu-la-tion, we c
om-puted the for-ward rate $\OML/cmm/m/it/12 F\OT1/cmr/m/n/12 (\OML/cmm/m/it/12
 T[]; T[]\OT1/cmr/m/n/12 )$
 []

<Images/usd-ois.png, id=31, 729.47531pt x 630.85687pt>
File: Images/usd-ois.png Graphic file (type png)
<use Images/usd-ois.png>
Package pdftex.def Info: Images/usd-ois.png  used on input line 177.
(pdftex.def)             Requested size: 289.12466pt x 216.75063pt.


[3

 <./Images/usd-ois.png>]
<Images/vols.png, id=45, 1444.64719pt x 351.56343pt>
File: Images/vols.png Graphic file (type png)
<use Images/vols.png>
Package pdftex.def Info: Images/vols.png  used on input line 189.
(pdftex.def)             Requested size: 530.0583pt x 166.16823pt.

Overfull \hbox (48.18285pt too wide) in paragraph at lines 189--190
 [][] 
 []

<Images/div.png, id=46, 718.18312pt x 542.025pt>
File: Images/div.png Graphic file (type png)
<use Images/div.png>
Package pdftex.def Info: Images/div.png  used on input line 201.
(pdftex.def)             Requested size: 289.13112pt x 216.74826pt.

Underfull \hbox (badness 10000) in paragraph at lines 209--211

 []



[4 <./Images/vols.png> <./Images/div.png>]
Underfull \hbox (badness 10000) in paragraph at lines 224--226

 []


Underfull \hbox (badness 10000) in paragraph at lines 227--228

 []


Underfull \hbox (badness 10000) in paragraph at lines 229--230

 []


Underfull \hbox (badness 10000) in paragraph at lines 229--230

 []



[5]

[6]
Overfull \hbox (46.51555pt too wide) in paragraph at lines 305--306
[]\OT1/cmr/m/n/12 The un-der-ly-ing as-set's re-turns are nor-mally dis-tribute
d over a pe-riod $\OML/cmm/m/it/12 t$ \OT1/cmr/m/n/12 with mean $[] \OML/cmm/m/
it/12 t$
 []



[7]

[8]
<Images/sen_crr_50.png, id=93, 1174.3875pt x 616.4631pt>
File: Images/sen_crr_50.png Graphic file (type png)
<use Images/sen_crr_50.png>
Package pdftex.def Info: Images/sen_crr_50.png  used on input line 450.
(pdftex.def)             Requested size: 231.29816pt x 121.40913pt.
<Images/sen_crr.png, id=94, 1174.3875pt x 616.4631pt>
File: Images/sen_crr.png Graphic file (type png)
<use Images/sen_crr.png>
Package pdftex.def Info: Images/sen_crr.png  used on input line 457.
(pdftex.def)             Requested size: 231.29816pt x 121.40913pt.


[9]

[10 <./Images/sen_crr_50.png> <./Images/sen_crr.png>]
<Images/sen_rb_50.png, id=111, 1180.8918pt x 616.4631pt>
File: Images/sen_rb_50.png Graphic file (type png)
<use Images/sen_rb_50.png>
Package pdftex.def Info: Images/sen_rb_50.png  used on input line 473.
(pdftex.def)             Requested size: 231.29816pt x 120.74129pt.
<Images/sen_rb.png, id=112, 1174.3875pt x 616.4631pt>
File: Images/sen_rb.png Graphic file (type png)
<use Images/sen_rb.png>
Package pdftex.def Info: Images/sen_rb.png  used on input line 480.
(pdftex.def)             Requested size: 231.29816pt x 121.40913pt.
<Images/sen_lr_50.png, id=113, 1180.8918pt x 616.4631pt>
File: Images/sen_lr_50.png Graphic file (type png)
<use Images/sen_lr_50.png>
Package pdftex.def Info: Images/sen_lr_50.png  used on input line 495.
(pdftex.def)             Requested size: 231.29816pt x 120.74129pt.
<Images/sen_lr.png, id=114, 1174.3875pt x 616.4631pt>
File: Images/sen_lr.png Graphic file (type png)
<use Images/sen_lr.png>
Package pdftex.def Info: Images/sen_lr.png  used on input line 502.
(pdftex.def)             Requested size: 231.29816pt x 121.40913pt.
<Images/err_crr.png, id=115, 1184.5053pt x 616.4631pt>
File: Images/err_crr.png Graphic file (type png)
<use Images/err_crr.png>
Package pdftex.def Info: Images/err_crr.png  used on input line 518.
(pdftex.def)             Requested size: 530.05832pt x 166.16507pt.

Overfull \hbox (48.18286pt too wide) in paragraph at lines 518--519
 [][] 
 []



[11

 <./Images/sen_rb_50.png> <./Images/sen_rb.png> <./Images/sen_lr_50.png> <./Ima
ges/sen_lr.png>]
<Images/err_rb.png, id=127, 1184.5053pt x 616.4631pt>
File: Images/err_rb.png Graphic file (type png)
<use Images/err_rb.png>
Package pdftex.def Info: Images/err_rb.png  used on input line 528.
(pdftex.def)             Requested size: 530.05832pt x 166.16507pt.

Overfull \hbox (48.18286pt too wide) in paragraph at lines 528--529
 [][] 
 []

<Images/err_lr.png, id=128, 1174.3875pt x 616.4631pt>
File: Images/err_lr.png Graphic file (type png)
<use Images/err_lr.png>
Package pdftex.def Info: Images/err_lr.png  used on input line 538.
(pdftex.def)             Requested size: 530.06435pt x 166.16507pt.

Overfull \hbox (48.18889pt too wide) in paragraph at lines 538--539
 [][] 
 []



[12 <./Images/err_crr.png> <./Images/err_rb.png>]

[13 <./Images/err_lr.png>] (Project_1.aux)
 ***********
LaTeX2e <2024-11-01>
L3 programming layer <2024-11-02>
 ***********


LaTeX Warning: There were multiply-defined labels.

Package rerunfilecheck Info: File `Project_1.out' has not changed.
(rerunfilecheck)             Checksum: D41D8CD98F00B204E9800998ECF8427E;0.
 ) 
Here is how much of TeX's memory you used:
 13051 strings out of 473682
 205810 string characters out of 5735770
 635352 words of memory out of 5000000
 35916 multiletter control sequences out of 15000+600000
 566383 words of font info for 64 fonts, out of 8000000 for 9000
 1141 hyphenation exceptions out of 8191
 86i,13n,131p,958b,688s stack positions out of 10000i,1000n,20000p,200000b,200000s
 <C:\Users\Krish\AppData\Local\MiKTeX\fonts/pk/ljfour/jknappen/ec/dpi600\tcrm
1200.pk> <C:\Users\Krish\AppData\Local\MiKTeX\fonts/pk/ljfour/jknappen/ec/dpi60
0\tcbx1200.pk> <C:\Users\Krish\AppData\Local\MiKTeX\fonts/pk/ljfour/jknappen/ec
/dpi600\tcbx1728.pk><D:/MixTeX/fonts/type1/public/amsfonts/cm/cmbx12.pfb><D:/Mi
xTeX/fonts/type1/public/amsfonts/cm/cmbx8.pfb><D:/MixTeX/fonts/type1/public/ams
fonts/cm/cmex10.pfb><D:/MixTeX/fonts/type1/public/amsfonts/cm/cmmi12.pfb><D:/Mi
xTeX/fonts/type1/public/amsfonts/cm/cmmi6.pfb><D:/MixTeX/fonts/type1/public/ams
fonts/cm/cmmi8.pfb><D:/MixTeX/fonts/type1/public/amsfonts/cm/cmr10.pfb><D:/MixT
eX/fonts/type1/public/amsfonts/cm/cmr12.pfb><D:/MixTeX/fonts/type1/public/amsfo
nts/cm/cmr6.pfb><D:/MixTeX/fonts/type1/public/amsfonts/cm/cmr8.pfb><D:/MixTeX/f
onts/type1/public/amsfonts/cm/cmsy10.pfb><D:/MixTeX/fonts/type1/public/amsfonts
/cm/cmsy6.pfb><D:/MixTeX/fonts/type1/public/amsfonts/cm/cmsy8.pfb><D:/MixTeX/fo
nts/type1/public/amsfonts/cm/cmti10.pfb><D:/MixTeX/fonts/type1/public/amsfonts/
cm/cmti12.pfb>
Output written on Project_1.pdf (13 pages, 1288481 bytes).
PDF statistics:
 234 PDF objects out of 1000 (max. 8388607)
 56 named destinations out of 1000 (max. 500000)
 66 words of extra memory for PDF output out of 10000 (max. 10000000)

